In file included from [01m[K/opt/ros/kinetic/include/ros/service_client.h:33:0[m[K,
                 from [01m[K/opt/ros/kinetic/include/ros/node_handle.h:35[m[K,
                 from [01m[K/opt/ros/kinetic/include/ros/ros.h:45[m[K,
                 from [01m[K/home/lke/SK-Autopilot/src/sk_autopilot/src/waypoint_follower.cpp:1[m[K:
/opt/ros/kinetic/include/ros/service_traits.h: In instantiation of '[01m[Kstatic const char* ros::service_traits::MD5Sum<M>::value() [with M = mavros_msgs::WaypointReached_<std::allocator<void> >][m[K':
[01m[K/opt/ros/kinetic/include/ros/service_traits.h:79:102:[m[K   required from '[01m[Kconst char* ros::service_traits::md5sum() [with M = mavros_msgs::WaypointReached_<std::allocator<void> >][m[K'
[01m[K/opt/ros/kinetic/include/ros/service_client_options.h:95:33:[m[K   required from '[01m[Kvoid ros::ServiceClientOptions::init(const string&, bool, const M_string&) [with Service = mavros_msgs::WaypointReached_<std::allocator<void> >; std::__cxx11::string = std::__cxx11::basic_string<char>; ros::M_string = std::map<std::__cxx11::basic_string<char>, std::__cxx11::basic_string<char> >][m[K'
[01m[K/opt/ros/kinetic/include/ros/node_handle.h:1264:5:[m[K   required from '[01m[Kros::ServiceClient ros::NodeHandle::serviceClient(const string&, bool, const M_string&) [with Service = mavros_msgs::WaypointReached_<std::allocator<void> >; std::__cxx11::string = std::__cxx11::basic_string<char>; ros::M_string = std::map<std::__cxx11::basic_string<char>, std::__cxx11::basic_string<char> >][m[K'
[01m[K/home/lke/SK-Autopilot/src/sk_autopilot/src/waypoint_follower.cpp:64:42:[m[K   required from here
[01m[K/opt/ros/kinetic/include/ros/service_traits.h:47:34:[m[K [01;31m[Kerror: [m[K'[01m[K__s_getServerMD5Sum[m[K' is not a member of '[01m[Kmavros_msgs::WaypointReached_<std::allocator<void> >[m[K'
     return M::__s_getServerMD5Sum().c_str();
[01;32m[K                                  ^[m[K
make[2]: *** [CMakeFiles/waypoint_follower.dir/src/waypoint_follower.cpp.o] Error 1
make[1]: *** [CMakeFiles/waypoint_follower.dir/all] Error 2
make: *** [all] Error 2
