[35m[1mScanning dependencies of target waypoint_follower[0m
[ 25%] [32mBuilding CXX object CMakeFiles/waypoint_follower.dir/src/waypoint_follower.cpp.o[0m
[ 75%] Built target waypoint_generator
[01m[K/home/lke/SK-Autopilot/src/sk_autopilot/src/waypoint_follower.cpp:[m[K In member function '[01m[Kvoid WaypointFollower::nextWp()[m[K':
[01m[K/home/lke/SK-Autopilot/src/sk_autopilot/src/waypoint_follower.cpp:68:153:[m[K [01;31m[Kerror: [m[K'[01m[Kendl[m[K' was not declared in this scope
         std::cout<<"wp : "<<path.at(current_seq).pose.position.x<<" "<<path.at(current_seq).pose.position.y<<" "<<path.at(current_seq).pose.position.z<<endl;
[01;32m[K                                                                                                                                                         ^[m[K
[01m[K/home/lke/SK-Autopilot/src/sk_autopilot/src/waypoint_follower.cpp:68:153:[m[K [01;36m[Knote: [m[Ksuggested alternative:
In file included from [01m[K/usr/include/c++/5/iostream:39:0[m[K,
                 from [01m[K/opt/ros/kinetic/include/ros/time.h:54[m[K,
                 from [01m[K/opt/ros/kinetic/include/ros/ros.h:38[m[K,
                 from [01m[K/home/lke/SK-Autopilot/src/sk_autopilot/src/waypoint_follower.cpp:1[m[K:
[01m[K/usr/include/c++/5/ostream:590:5:[m[K [01;36m[Knote: [m[K  '[01m[Kstd::endl[m[K'
     endl(basic_ostream<_CharT, _Traits>& __os)
[01;32m[K     ^[m[K
CMakeFiles/waypoint_follower.dir/build.make:62: recipe for target 'CMakeFiles/waypoint_follower.dir/src/waypoint_follower.cpp.o' failed
make[2]: *** [CMakeFiles/waypoint_follower.dir/src/waypoint_follower.cpp.o] Error 1
CMakeFiles/Makefile2:744: recipe for target 'CMakeFiles/waypoint_follower.dir/all' failed
make[1]: *** [CMakeFiles/waypoint_follower.dir/all] Error 2
Makefile:138: recipe for target 'all' failed
make: *** [all] Error 2
