[01m[K/home/lke/SK-Autopilot/src/waypoint_generator/src/waypoint_generator.cpp:14:5:[m[K [01;31m[Kerror: [m[K'[01m[Kvector[m[K' does not name a type
     vector<mavros_msgs::GlobalPositionTarget> waypoints;
[01;32m[K     ^[m[K
[01m[K/home/lke/SK-Autopilot/src/waypoint_generator/src/waypoint_generator.cpp:[m[K In constructor '[01m[KWaypointGenerator::WaypointGenerator()[m[K':
[01m[K/home/lke/SK-Autopilot/src/waypoint_generator/src/waypoint_generator.cpp:23:65:[m[K [01;31m[Kerror: [m[K'[01m[Kmavros_msgs::GlobalPositionTarget {aka struct mavros_msgs::GlobalPositionTarget_<std::allocator<void> >}[m[K' has no member named '[01m[Klongtitude[m[K'
         m_rosNodeHandler.param("waypoint_generator/wp1_lon", wp.longtitude, 0.0);
[01;32m[K                                                                 ^[m[K
[01m[K/home/lke/SK-Autopilot/src/waypoint_generator/src/waypoint_generator.cpp:24:78:[m[K [01;31m[Kerror: [m[Kno matching function for call to '[01m[Kros::NodeHandle::param(const char [27], mavros_msgs::GlobalPositionTarget_<std::allocator<void> >::_altitude_type&, double)[m[K'
         m_rosNodeHandler.param("waypoint_generator/wp1_alt", wp.altitude, 0.0);
[01;32m[K                                                                              ^[m[K
In file included from [01m[K/opt/ros/kinetic/include/ros/ros.h:45:0[m[K,
                 from [01m[K/home/lke/SK-Autopilot/src/waypoint_generator/src/waypoint_generator.cpp:1[m[K:
[01m[K/opt/ros/kinetic/include/ros/node_handle.h:2120:8:[m[K [01;36m[Knote: [m[Kcandidate: template<class T> bool ros::NodeHandle::param(const string&, T&, const T&) const
   bool param(const std::string& param_name, T& param_val, const T& default_val) const
[01;32m[K        ^[m[K
[01m[K/opt/ros/kinetic/include/ros/node_handle.h:2120:8:[m[K [01;36m[Knote: [m[K  template argument deduction/substitution failed:
[01m[K/home/lke/SK-Autopilot/src/waypoint_generator/src/waypoint_generator.cpp:24:78:[m[K [01;36m[Knote: [m[K  deduced conflicting types for parameter '[01m[Kconst T[m[K' ('[01m[Kfloat[m[K' and '[01m[Kdouble[m[K')
         m_rosNodeHandler.param("waypoint_generator/wp1_alt", wp.altitude, 0.0);
[01;32m[K                                                                              ^[m[K
In file included from [01m[K/opt/ros/kinetic/include/ros/ros.h:45:0[m[K,
                 from [01m[K/home/lke/SK-Autopilot/src/waypoint_generator/src/waypoint_generator.cpp:1[m[K:
[01m[K/opt/ros/kinetic/include/ros/node_handle.h:2153:5:[m[K [01;36m[Knote: [m[Kcandidate: template<class T> T ros::NodeHandle::param(const string&, const T&)
   T param(const std::string& param_name, const T& default_val)
[01;32m[K     ^[m[K
[01m[K/opt/ros/kinetic/include/ros/node_handle.h:2153:5:[m[K [01;36m[Knote: [m[K  template argument deduction/substitution failed:
[01m[K/home/lke/SK-Autopilot/src/waypoint_generator/src/waypoint_generator.cpp:24:78:[m[K [01;36m[Knote: [m[K  candidate expects 2 arguments, 3 provided
         m_rosNodeHandler.param("waypoint_generator/wp1_alt", wp.altitude, 0.0);
[01;32m[K                                                                              ^[m[K
[01m[K/home/lke/SK-Autopilot/src/waypoint_generator/src/waypoint_generator.cpp:25:83:[m[K [01;31m[Kerror: [m[Kno matching function for call to '[01m[Kros::NodeHandle::param(const char [32], mavros_msgs::GlobalPositionTarget_<std::allocator<void> >::_velocity_type&, double)[m[K'
         m_rosNodeHandler.param("waypoint_generator/wp1_velocity", wp.velocity, 0.0);
[01;32m[K                                                                                   ^[m[K
In file included from [01m[K/opt/ros/kinetic/include/ros/ros.h:45:0[m[K,
                 from [01m[K/home/lke/SK-Autopilot/src/waypoint_generator/src/waypoint_generator.cpp:1[m[K:
[01m[K/opt/ros/kinetic/include/ros/node_handle.h:2120:8:[m[K [01;36m[Knote: [m[Kcandidate: template<class T> bool ros::NodeHandle::param(const string&, T&, const T&) const
   bool param(const std::string& param_name, T& param_val, const T& default_val) const
[01;32m[K        ^[m[K
[01m[K/opt/ros/kinetic/include/ros/node_handle.h:2120:8:[m[K [01;36m[Knote: [m[K  template argument deduction/substitution failed:
[01m[K/home/lke/SK-Autopilot/src/waypoint_generator/src/waypoint_generator.cpp:25:83:[m[K [01;36m[Knote: [m[K  deduced conflicting types for parameter '[01m[Kconst T[m[K' ('[01m[Kgeometry_msgs::Vector3_<std::allocator<void> >[m[K' and '[01m[Kdouble[m[K')
         m_rosNodeHandler.param("waypoint_generator/wp1_velocity", wp.velocity, 0.0);
[01;32m[K                                                                                   ^[m[K
In file included from [01m[K/opt/ros/kinetic/include/ros/ros.h:45:0[m[K,
                 from [01m[K/home/lke/SK-Autopilot/src/waypoint_generator/src/waypoint_generator.cpp:1[m[K:
[01m[K/opt/ros/kinetic/include/ros/node_handle.h:2153:5:[m[K [01;36m[Knote: [m[Kcandidate: template<class T> T ros::NodeHandle::param(const string&, const T&)
   T param(const std::string& param_name, const T& default_val)
[01;32m[K     ^[m[K
[01m[K/opt/ros/kinetic/include/ros/node_handle.h:2153:5:[m[K [01;36m[Knote: [m[K  template argument deduction/substitution failed:
[01m[K/home/lke/SK-Autopilot/src/waypoint_generator/src/waypoint_generator.cpp:25:83:[m[K [01;36m[Knote: [m[K  candidate expects 2 arguments, 3 provided
         m_rosNodeHandler.param("waypoint_generator/wp1_velocity", wp.velocity, 0.0);
[01;32m[K                                                                                   ^[m[K
[01m[K/home/lke/SK-Autopilot/src/waypoint_generator/src/waypoint_generator.cpp:26:9:[m[K [01;31m[Kerror: [m[K'[01m[KwpList[m[K' was not declared in this scope
         wpList.waypoints.push_back(wp);
[01;32m[K         ^[m[K
[01m[K/home/lke/SK-Autopilot/src/waypoint_generator/src/waypoint_generator.cpp:29:65:[m[K [01;31m[Kerror: [m[K'[01m[Kmavros_msgs::GlobalPositionTarget {aka struct mavros_msgs::GlobalPositionTarget_<std::allocator<void> >}[m[K' has no member named '[01m[Klongtitude[m[K'
         m_rosNodeHandler.param("waypoint_generator/wp2_lon", wp.longtitude, 0.0);
[01;32m[K                                                                 ^[m[K
[01m[K/home/lke/SK-Autopilot/src/waypoint_generator/src/waypoint_generator.cpp:30:78:[m[K [01;31m[Kerror: [m[Kno matching function for call to '[01m[Kros::NodeHandle::param(const char [27], mavros_msgs::GlobalPositionTarget_<std::allocator<void> >::_altitude_type&, double)[m[K'
         m_rosNodeHandler.param("waypoint_generator/wp2_alt", wp.altitude, 0.0);
[01;32m[K                                                                              ^[m[K
In file included from [01m[K/opt/ros/kinetic/include/ros/ros.h:45:0[m[K,
                 from [01m[K/home/lke/SK-Autopilot/src/waypoint_generator/src/waypoint_generator.cpp:1[m[K:
[01m[K/opt/ros/kinetic/include/ros/node_handle.h:2120:8:[m[K [01;36m[Knote: [m[Kcandidate: template<class T> bool ros::NodeHandle::param(const string&, T&, const T&) const
   bool param(const std::string& param_name, T& param_val, const T& default_val) const
[01;32m[K        ^[m[K
[01m[K/opt/ros/kinetic/include/ros/node_handle.h:2120:8:[m[K [01;36m[Knote: [m[K  template argument deduction/substitution failed:
[01m[K/home/lke/SK-Autopilot/src/waypoint_generator/src/waypoint_generator.cpp:30:78:[m[K [01;36m[Knote: [m[K  deduced conflicting types for parameter '[01m[Kconst T[m[K' ('[01m[Kfloat[m[K' and '[01m[Kdouble[m[K')
         m_rosNodeHandler.param("waypoint_generator/wp2_alt", wp.altitude, 0.0);
[01;32m[K                                                                              ^[m[K
In file included from [01m[K/opt/ros/kinetic/include/ros/ros.h:45:0[m[K,
                 from [01m[K/home/lke/SK-Autopilot/src/waypoint_generator/src/waypoint_generator.cpp:1[m[K:
[01m[K/opt/ros/kinetic/include/ros/node_handle.h:2153:5:[m[K [01;36m[Knote: [m[Kcandidate: template<class T> T ros::NodeHandle::param(const string&, const T&)
   T param(const std::string& param_name, const T& default_val)
[01;32m[K     ^[m[K
[01m[K/opt/ros/kinetic/include/ros/node_handle.h:2153:5:[m[K [01;36m[Knote: [m[K  template argument deduction/substitution failed:
[01m[K/home/lke/SK-Autopilot/src/waypoint_generator/src/waypoint_generator.cpp:30:78:[m[K [01;36m[Knote: [m[K  candidate expects 2 arguments, 3 provided
         m_rosNodeHandler.param("waypoint_generator/wp2_alt", wp.altitude, 0.0);
[01;32m[K                                                                              ^[m[K
[01m[K/home/lke/SK-Autopilot/src/waypoint_generator/src/waypoint_generator.cpp:31:83:[m[K [01;31m[Kerror: [m[Kno matching function for call to '[01m[Kros::NodeHandle::param(const char [32], mavros_msgs::GlobalPositionTarget_<std::allocator<void> >::_velocity_type&, double)[m[K'
         m_rosNodeHandler.param("waypoint_generator/wp2_velocity", wp.velocity, 0.0);
[01;32m[K                                                                                   ^[m[K
In file included from [01m[K/opt/ros/kinetic/include/ros/ros.h:45:0[m[K,
                 from [01m[K/home/lke/SK-Autopilot/src/waypoint_generator/src/waypoint_generator.cpp:1[m[K:
[01m[K/opt/ros/kinetic/include/ros/node_handle.h:2120:8:[m[K [01;36m[Knote: [m[Kcandidate: template<class T> bool ros::NodeHandle::param(const string&, T&, const T&) const
   bool param(const std::string& param_name, T& param_val, const T& default_val) const
[01;32m[K        ^[m[K
[01m[K/opt/ros/kinetic/include/ros/node_handle.h:2120:8:[m[K [01;36m[Knote: [m[K  template argument deduction/substitution failed:
[01m[K/home/lke/SK-Autopilot/src/waypoint_generator/src/waypoint_generator.cpp:31:83:[m[K [01;36m[Knote: [m[K  deduced conflicting types for parameter '[01m[Kconst T[m[K' ('[01m[Kgeometry_msgs::Vector3_<std::allocator<void> >[m[K' and '[01m[Kdouble[m[K')
         m_rosNodeHandler.param("waypoint_generator/wp2_velocity", wp.velocity, 0.0);
[01;32m[K                                                                                   ^[m[K
In file included from [01m[K/opt/ros/kinetic/include/ros/ros.h:45:0[m[K,
                 from [01m[K/home/lke/SK-Autopilot/src/waypoint_generator/src/waypoint_generator.cpp:1[m[K:
[01m[K/opt/ros/kinetic/include/ros/node_handle.h:2153:5:[m[K [01;36m[Knote: [m[Kcandidate: template<class T> T ros::NodeHandle::param(const string&, const T&)
   T param(const std::string& param_name, const T& default_val)
[01;32m[K     ^[m[K
[01m[K/opt/ros/kinetic/include/ros/node_handle.h:2153:5:[m[K [01;36m[Knote: [m[K  template argument deduction/substitution failed:
[01m[K/home/lke/SK-Autopilot/src/waypoint_generator/src/waypoint_generator.cpp:31:83:[m[K [01;36m[Knote: [m[K  candidate expects 2 arguments, 3 provided
         m_rosNodeHandler.param("waypoint_generator/wp2_velocity", wp.velocity, 0.0);
[01;32m[K                                                                                   ^[m[K
[01m[K/home/lke/SK-Autopilot/src/waypoint_generator/src/waypoint_generator.cpp:35:65:[m[K [01;31m[Kerror: [m[K'[01m[Kmavros_msgs::GlobalPositionTarget {aka struct mavros_msgs::GlobalPositionTarget_<std::allocator<void> >}[m[K' has no member named '[01m[Klongtitude[m[K'
         m_rosNodeHandler.param("waypoint_generator/wp3_lon", wp.longtitude, 0.0);
[01;32m[K                                                                 ^[m[K
[01m[K/home/lke/SK-Autopilot/src/waypoint_generator/src/waypoint_generator.cpp:36:78:[m[K [01;31m[Kerror: [m[Kno matching function for call to '[01m[Kros::NodeHandle::param(const char [27], mavros_msgs::GlobalPositionTarget_<std::allocator<void> >::_altitude_type&, double)[m[K'
         m_rosNodeHandler.param("waypoint_generator/wp3_alt", wp.altitude, 0.0);
[01;32m[K                                                                              ^[m[K
In file included from [01m[K/opt/ros/kinetic/include/ros/ros.h:45:0[m[K,
                 from [01m[K/home/lke/SK-Autopilot/src/waypoint_generator/src/waypoint_generator.cpp:1[m[K:
[01m[K/opt/ros/kinetic/include/ros/node_handle.h:2120:8:[m[K [01;36m[Knote: [m[Kcandidate: template<class T> bool ros::NodeHandle::param(const string&, T&, const T&) const
   bool param(const std::string& param_name, T& param_val, const T& default_val) const
[01;32m[K        ^[m[K
[01m[K/opt/ros/kinetic/include/ros/node_handle.h:2120:8:[m[K [01;36m[Knote: [m[K  template argument deduction/substitution failed:
[01m[K/home/lke/SK-Autopilot/src/waypoint_generator/src/waypoint_generator.cpp:36:78:[m[K [01;36m[Knote: [m[K  deduced conflicting types for parameter '[01m[Kconst T[m[K' ('[01m[Kfloat[m[K' and '[01m[Kdouble[m[K')
         m_rosNodeHandler.param("waypoint_generator/wp3_alt", wp.altitude, 0.0);
[01;32m[K                                                                              ^[m[K
In file included from [01m[K/opt/ros/kinetic/include/ros/ros.h:45:0[m[K,
                 from [01m[K/home/lke/SK-Autopilot/src/waypoint_generator/src/waypoint_generator.cpp:1[m[K:
[01m[K/opt/ros/kinetic/include/ros/node_handle.h:2153:5:[m[K [01;36m[Knote: [m[Kcandidate: template<class T> T ros::NodeHandle::param(const string&, const T&)
   T param(const std::string& param_name, const T& default_val)
[01;32m[K     ^[m[K
[01m[K/opt/ros/kinetic/include/ros/node_handle.h:2153:5:[m[K [01;36m[Knote: [m[K  template argument deduction/substitution failed:
[01m[K/home/lke/SK-Autopilot/src/waypoint_generator/src/waypoint_generator.cpp:36:78:[m[K [01;36m[Knote: [m[K  candidate expects 2 arguments, 3 provided
         m_rosNodeHandler.param("waypoint_generator/wp3_alt", wp.altitude, 0.0);
[01;32m[K                                                                              ^[m[K
[01m[K/home/lke/SK-Autopilot/src/waypoint_generator/src/waypoint_generator.cpp:37:83:[m[K [01;31m[Kerror: [m[Kno matching function for call to '[01m[Kros::NodeHandle::param(const char [32], mavros_msgs::GlobalPositionTarget_<std::allocator<void> >::_velocity_type&, double)[m[K'
         m_rosNodeHandler.param("waypoint_generator/wp3_velocity", wp.velocity, 0.0);
[01;32m[K                                                                                   ^[m[K
In file included from [01m[K/opt/ros/kinetic/include/ros/ros.h:45:0[m[K,
                 from [01m[K/home/lke/SK-Autopilot/src/waypoint_generator/src/waypoint_generator.cpp:1[m[K:
[01m[K/opt/ros/kinetic/include/ros/node_handle.h:2120:8:[m[K [01;36m[Knote: [m[Kcandidate: template<class T> bool ros::NodeHandle::param(const string&, T&, const T&) const
   bool param(const std::string& param_name, T& param_val, const T& default_val) const
[01;32m[K        ^[m[K
[01m[K/opt/ros/kinetic/include/ros/node_handle.h:2120:8:[m[K [01;36m[Knote: [m[K  template argument deduction/substitution failed:
[01m[K/home/lke/SK-Autopilot/src/waypoint_generator/src/waypoint_generator.cpp:37:83:[m[K [01;36m[Knote: [m[K  deduced conflicting types for parameter '[01m[Kconst T[m[K' ('[01m[Kgeometry_msgs::Vector3_<std::allocator<void> >[m[K' and '[01m[Kdouble[m[K')
         m_rosNodeHandler.param("waypoint_generator/wp3_velocity", wp.velocity, 0.0);
[01;32m[K                                                                                   ^[m[K
In file included from [01m[K/opt/ros/kinetic/include/ros/ros.h:45:0[m[K,
                 from [01m[K/home/lke/SK-Autopilot/src/waypoint_generator/src/waypoint_generator.cpp:1[m[K:
[01m[K/opt/ros/kinetic/include/ros/node_handle.h:2153:5:[m[K [01;36m[Knote: [m[Kcandidate: template<class T> T ros::NodeHandle::param(const string&, const T&)
   T param(const std::string& param_name, const T& default_val)
[01;32m[K     ^[m[K
[01m[K/opt/ros/kinetic/include/ros/node_handle.h:2153:5:[m[K [01;36m[Knote: [m[K  template argument deduction/substitution failed:
[01m[K/home/lke/SK-Autopilot/src/waypoint_generator/src/waypoint_generator.cpp:37:83:[m[K [01;36m[Knote: [m[K  candidate expects 2 arguments, 3 provided
         m_rosNodeHandler.param("waypoint_generator/wp3_velocity", wp.velocity, 0.0);
[01;32m[K                                                                                   ^[m[K
[01m[K/home/lke/SK-Autopilot/src/waypoint_generator/src/waypoint_generator.cpp:41:65:[m[K [01;31m[Kerror: [m[K'[01m[Kmavros_msgs::GlobalPositionTarget {aka struct mavros_msgs::GlobalPositionTarget_<std::allocator<void> >}[m[K' has no member named '[01m[Klongtitude[m[K'
         m_rosNodeHandler.param("waypoint_generator/wp4_lon", wp.longtitude, 0.0);
[01;32m[K                                                                 ^[m[K
[01m[K/home/lke/SK-Autopilot/src/waypoint_generator/src/waypoint_generator.cpp:42:78:[m[K [01;31m[Kerror: [m[Kno matching function for call to '[01m[Kros::NodeHandle::param(const char [27], mavros_msgs::GlobalPositionTarget_<std::allocator<void> >::_altitude_type&, double)[m[K'
         m_rosNodeHandler.param("waypoint_generator/wp4_alt", wp.altitude, 0.0);
[01;32m[K                                                                              ^[m[K
In file included from [01m[K/opt/ros/kinetic/include/ros/ros.h:45:0[m[K,
                 from [01m[K/home/lke/SK-Autopilot/src/waypoint_generator/src/waypoint_generator.cpp:1[m[K:
[01m[K/opt/ros/kinetic/include/ros/node_handle.h:2120:8:[m[K [01;36m[Knote: [m[Kcandidate: template<class T> bool ros::NodeHandle::param(const string&, T&, const T&) const
   bool param(const std::string& param_name, T& param_val, const T& default_val) const
[01;32m[K        ^[m[K
[01m[K/opt/ros/kinetic/include/ros/node_handle.h:2120:8:[m[K [01;36m[Knote: [m[K  template argument deduction/substitution failed:
[01m[K/home/lke/SK-Autopilot/src/waypoint_generator/src/waypoint_generator.cpp:42:78:[m[K [01;36m[Knote: [m[K  deduced conflicting types for parameter '[01m[Kconst T[m[K' ('[01m[Kfloat[m[K' and '[01m[Kdouble[m[K')
         m_rosNodeHandler.param("waypoint_generator/wp4_alt", wp.altitude, 0.0);
[01;32m[K                                                                              ^[m[K
In file included from [01m[K/opt/ros/kinetic/include/ros/ros.h:45:0[m[K,
                 from [01m[K/home/lke/SK-Autopilot/src/waypoint_generator/src/waypoint_generator.cpp:1[m[K:
[01m[K/opt/ros/kinetic/include/ros/node_handle.h:2153:5:[m[K [01;36m[Knote: [m[Kcandidate: template<class T> T ros::NodeHandle::param(const string&, const T&)
   T param(const std::string& param_name, const T& default_val)
[01;32m[K     ^[m[K
[01m[K/opt/ros/kinetic/include/ros/node_handle.h:2153:5:[m[K [01;36m[Knote: [m[K  template argument deduction/substitution failed:
[01m[K/home/lke/SK-Autopilot/src/waypoint_generator/src/waypoint_generator.cpp:42:78:[m[K [01;36m[Knote: [m[K  candidate expects 2 arguments, 3 provided
         m_rosNodeHandler.param("waypoint_generator/wp4_alt", wp.altitude, 0.0);
[01;32m[K                                                                              ^[m[K
[01m[K/home/lke/SK-Autopilot/src/waypoint_generator/src/waypoint_generator.cpp:43:83:[m[K [01;31m[Kerror: [m[Kno matching function for call to '[01m[Kros::NodeHandle::param(const char [32], mavros_msgs::GlobalPositionTarget_<std::allocator<void> >::_velocity_type&, double)[m[K'
         m_rosNodeHandler.param("waypoint_generator/wp4_velocity", wp.velocity, 0.0);
[01;32m[K                                                                                   ^[m[K
In file included from [01m[K/opt/ros/kinetic/include/ros/ros.h:45:0[m[K,
                 from [01m[K/home/lke/SK-Autopilot/src/waypoint_generator/src/waypoint_generator.cpp:1[m[K:
[01m[K/opt/ros/kinetic/include/ros/node_handle.h:2120:8:[m[K [01;36m[Knote: [m[Kcandidate: template<class T> bool ros::NodeHandle::param(const string&, T&, const T&) const
   bool param(const std::string& param_name, T& param_val, const T& default_val) const
[01;32m[K        ^[m[K
[01m[K/opt/ros/kinetic/include/ros/node_handle.h:2120:8:[m[K [01;36m[Knote: [m[K  template argument deduction/substitution failed:
[01m[K/home/lke/SK-Autopilot/src/waypoint_generator/src/waypoint_generator.cpp:43:83:[m[K [01;36m[Knote: [m[K  deduced conflicting types for parameter '[01m[Kconst T[m[K' ('[01m[Kgeometry_msgs::Vector3_<std::allocator<void> >[m[K' and '[01m[Kdouble[m[K')
         m_rosNodeHandler.param("waypoint_generator/wp4_velocity", wp.velocity, 0.0);
[01;32m[K                                                                                   ^[m[K
In file included from [01m[K/opt/ros/kinetic/include/ros/ros.h:45:0[m[K,
                 from [01m[K/home/lke/SK-Autopilot/src/waypoint_generator/src/waypoint_generator.cpp:1[m[K:
[01m[K/opt/ros/kinetic/include/ros/node_handle.h:2153:5:[m[K [01;36m[Knote: [m[Kcandidate: template<class T> T ros::NodeHandle::param(const string&, const T&)
   T param(const std::string& param_name, const T& default_val)
[01;32m[K     ^[m[K
[01m[K/opt/ros/kinetic/include/ros/node_handle.h:2153:5:[m[K [01;36m[Knote: [m[K  template argument deduction/substitution failed:
[01m[K/home/lke/SK-Autopilot/src/waypoint_generator/src/waypoint_generator.cpp:43:83:[m[K [01;36m[Knote: [m[K  candidate expects 2 arguments, 3 provided
         m_rosNodeHandler.param("waypoint_generator/wp4_velocity", wp.velocity, 0.0);
[01;32m[K                                                                                   ^[m[K
make[2]: *** [CMakeFiles/waypoint_generator.dir/src/waypoint_generator.cpp.o] Error 1
make[1]: *** [CMakeFiles/waypoint_generator.dir/all] Error 2
make: *** [all] Error 2
