[01m[K/home/lke/SK-Autopilot/src/waypoint_generator/src/waypoint_follower.cpp:[m[K In constructor '[01m[KWaypointFollower::WaypointFollower()[m[K':
[01m[K/home/lke/SK-Autopilot/src/waypoint_generator/src/waypoint_follower.cpp:51:75:[m[K [01;31m[Kerror: [m[Kno matching function for call to '[01m[Kros::NodeHandle::param(const char [27], float&, double)[m[K'
         m_rosNodeHandler.param("waypoint_follower/dist_min", dist_min, 0.0);
[01;32m[K                                                                           ^[m[K
In file included from [01m[K/opt/ros/kinetic/include/ros/ros.h:45:0[m[K,
                 from [01m[K/home/lke/SK-Autopilot/src/waypoint_generator/src/waypoint_follower.cpp:1[m[K:
[01m[K/opt/ros/kinetic/include/ros/node_handle.h:2120:8:[m[K [01;36m[Knote: [m[Kcandidate: template<class T> bool ros::NodeHandle::param(const string&, T&, const T&) const
   bool param(const std::string& param_name, T& param_val, const T& default_val) const
[01;32m[K        ^[m[K
[01m[K/opt/ros/kinetic/include/ros/node_handle.h:2120:8:[m[K [01;36m[Knote: [m[K  template argument deduction/substitution failed:
[01m[K/home/lke/SK-Autopilot/src/waypoint_generator/src/waypoint_follower.cpp:51:75:[m[K [01;36m[Knote: [m[K  deduced conflicting types for parameter '[01m[Kconst T[m[K' ('[01m[Kfloat[m[K' and '[01m[Kdouble[m[K')
         m_rosNodeHandler.param("waypoint_follower/dist_min", dist_min, 0.0);
[01;32m[K                                                                           ^[m[K
In file included from [01m[K/opt/ros/kinetic/include/ros/ros.h:45:0[m[K,
                 from [01m[K/home/lke/SK-Autopilot/src/waypoint_generator/src/waypoint_follower.cpp:1[m[K:
[01m[K/opt/ros/kinetic/include/ros/node_handle.h:2153:5:[m[K [01;36m[Knote: [m[Kcandidate: template<class T> T ros::NodeHandle::param(const string&, const T&)
   T param(const std::string& param_name, const T& default_val)
[01;32m[K     ^[m[K
[01m[K/opt/ros/kinetic/include/ros/node_handle.h:2153:5:[m[K [01;36m[Knote: [m[K  template argument deduction/substitution failed:
[01m[K/home/lke/SK-Autopilot/src/waypoint_generator/src/waypoint_follower.cpp:51:75:[m[K [01;36m[Knote: [m[K  candidate expects 2 arguments, 3 provided
         m_rosNodeHandler.param("waypoint_follower/dist_min", dist_min, 0.0);
[01;32m[K                                                                           ^[m[K
In file included from [01m[K/opt/ros/kinetic/include/ros/ros.h:40:0[m[K,
                 from [01m[K/home/lke/SK-Autopilot/src/waypoint_generator/src/waypoint_follower.cpp:1[m[K:
[01m[K/home/lke/SK-Autopilot/src/waypoint_generator/src/waypoint_follower.cpp:[m[K In member function '[01m[Kvoid WaypointFollower::nextWp()[m[K':
[01m[K/opt/ros/kinetic/include/ros/console.h:346:176:[m[K [01;35m[Kwarning: [m[Kformat '[01m[K%d[m[K' expects argument of type '[01m[Kint[m[K', but argument 8 has type '[01m[Kdouble[m[K' [-Wformat=]
     ::ros::console::print(filter, __rosconsole_define_location__loc.logger_, __rosconsole_define_location__loc.level_, __FILE__, __LINE__, __ROSCONSOLE_FUNCTION__, __VA_ARGS__)
[01;32m[K                                                                                                                                                                                ^[m[K
[01m[K/opt/ros/kinetic/include/ros/console.h:349:5:[m[K [01;36m[Knote: [m[Kin expansion of macro '[01m[KROSCONSOLE_PRINT_AT_LOCATION_WITH_FILTER[m[K'
     ROSCONSOLE_PRINT_AT_LOCATION_WITH_FILTER(0, __VA_ARGS__)
[01;32m[K     ^[m[K
[01m[K/opt/ros/kinetic/include/ros/console.h:379:7:[m[K [01;36m[Knote: [m[Kin expansion of macro '[01m[KROSCONSOLE_PRINT_AT_LOCATION[m[K'
       ROSCONSOLE_PRINT_AT_LOCATION(__VA_ARGS__); \
[01;32m[K       ^[m[K
[01m[K/opt/ros/kinetic/include/ros/console.h:561:35:[m[K [01;36m[Knote: [m[Kin expansion of macro '[01m[KROS_LOG_COND[m[K'
 #define ROS_LOG(level, name, ...) ROS_LOG_COND(true, level, name, __VA_ARGS__)
[01;32m[K                                   ^[m[K
[01m[K/opt/ros/kinetic/include/rosconsole/macros_generated.h:110:23:[m[K [01;36m[Knote: [m[Kin expansion of macro '[01m[KROS_LOG[m[K'
 #define ROS_INFO(...) ROS_LOG(::ros::console::levels::Info, ROSCONSOLE_DEFAULT_NAME, __VA_ARGS__)
[01;32m[K                       ^[m[K
[01m[K/home/lke/SK-Autopilot/src/waypoint_generator/src/waypoint_follower.cpp:65:9:[m[K [01;36m[Knote: [m[Kin expansion of macro '[01m[KROS_INFO[m[K'
         ROS_INFO("dist_min : %d",dist_min);
[01;32m[K         ^[m[K
make[2]: *** [CMakeFiles/waypoint_follower.dir/src/waypoint_follower.cpp.o] Error 1
make[1]: *** [CMakeFiles/waypoint_follower.dir/all] Error 2
make: *** [all] Error 2
